Copying build/tests/userprog/args-single to scratch partition...
qemu -hda /tmp/1qcgzKyQ19.dsk -m 4 -net none -serial stdio
PiLo hda1
Loading..........
Kernel command line: -q -f extract run 'args-single onearg'
>> parsing option: -q
>> parsing option: -f
Pintos booting with 4,088 kB RAM...
382 pages available in kernel pool.
382 pages available in user pool.
Calibrating timer...  561,152,000 loops/s.
hda: 5,040 sectors (2 MB), model "QM00001", serial "QEMU HARDDISK"
hda1: 168 sectors (84 kB), Pintos OS kernel (20)
hda2: 4,096 sectors (2 MB), Pintos file system (21)
hda3: 100 sectors (50 kB), Pintos scratch (22)
filesys: using hda2
scratch: using hda3
Formatting file system...done.
Boot complete.
Extracting ustar archive from scratch device into file system...
Putting 'args-single' into the file system...
Erasing ustar archive...
Executing 'args-single onearg':
Execution of 'args-single onearg' complete.
Timer: 113 ticks
Thread: 34 idle ticks, 79 kernel ticks, 0 user ticks
hda2 (filesys): 37 reads, 204 writes
hda3 (scratch): 99 reads, 2 writes
Console: 908 characters output
Keyboard: 0 keys pressed
Exception: 0 page faults
Powering off...
