cd build && make check
make[1]: Entering directory `/root/pintos/src/userprog/build'
pintos -v -k -T 60 --qemu  --filesys-size=2 -p tests/userprog/args-none -a args-none -- -q  -f run args-none < /dev/null 2> tests/userprog/args-none.errors > tests/userprog/args-none.output
perl -I../.. ../../tests/userprog/args-none.ck tests/userprog/args-none tests/userprog/args-none.result
FAIL tests/userprog/args-none
Kernel panic in run: PANIC at ../../threads/init.c:264 in parse_options(): unknown option `-f' (use -h for help)
Call stack: 0xc002871e
Translation of call stack:
0xc002871e: ustar_parse_header (...ild/../../lib/ustar.c:216)
pintos -v -k -T 60 --qemu  --filesys-size=2 -p tests/userprog/args-single -a args-single -- -q  -f run 'args-single onearg' < /dev/null 2> tests/userprog/args-single.errors > tests/userprog/args-single.output
perl -I../.. ../../tests/userprog/args-single.ck tests/userprog/args-single tests/userprog/args-single.result
FAIL tests/userprog/args-single
Kernel panic in run: PANIC at ../../threads/init.c:264 in parse_options(): unknown option `-f' (use -h for help)
Call stack: 0xc002871e
Translation of call stack:
0xc002871e: ustar_parse_header (...ild/../../lib/ustar.c:216)
pintos -v -k -T 60 --qemu  --filesys-size=2 -p tests/userprog/args-multiple -a args-multiple -- -q  -f run 'args-multiple some arguments for you!' < /dev/null 2> tests/userprog/args-multiple.errors > tests/userprog/args-multiple.output
perl -I../.. ../../tests/userprog/args-multiple.ck tests/userprog/args-multiple tests/userprog/args-multiple.result
FAIL tests/userprog/args-multiple
Kernel panic in run: PANIC at ../../threads/init.c:264 in parse_options(): unknown option `-f' (use -h for help)
Call stack: 0xc002871e
Translation of call stack:
0xc002871e: ustar_parse_header (...ild/../../lib/ustar.c:216)
pintos -v -k -T 60 --qemu  --filesys-size=2 -p tests/userprog/args-many -a args-many -- -q  -f run 'args-many a b c d e f g h i j k l m n o p q r s t u v' < /dev/null 2> tests/userprog/args-many.errors > tests/userprog/args-many.output
perl -I../.. ../../tests/userprog/args-many.ck tests/userprog/args-many tests/userprog/args-many.result
FAIL tests/userprog/args-many
Kernel panic in run: PANIC at ../../threads/init.c:264 in parse_options(): unknown option `-f' (use -h for help)
Call stack: 0xc002871e
Translation of call stack:
0xc002871e: ustar_parse_header (...ild/../../lib/ustar.c:216)
pintos -v -k -T 60 --qemu  --filesys-size=2 -p tests/userprog/args-dbl-space -a args-dbl-space -- -q  -f run 'args-dbl-space two  spaces!' < /dev/null 2> tests/userprog/args-dbl-space.errors > tests/userprog/args-dbl-space.output
perl -I../.. ../../tests/userprog/args-dbl-space.ck tests/userprog/args-dbl-space tests/userprog/args-dbl-space.result
FAIL tests/userprog/args-dbl-space
Kernel panic in run: PANIC at ../../threads/init.c:264 in parse_options(): unknown option `-f' (use -h for help)
Call stack: 0xc002871e
Translation of call stack:
0xc002871e: ustar_parse_header (...ild/../../lib/ustar.c:216)
pintos -v -k -T 60 --qemu  --filesys-size=2 -p tests/userprog/sc-bad-sp -a sc-bad-sp -- -q  -f run sc-bad-sp < /dev/null 2> tests/userprog/sc-bad-sp.errors > tests/userprog/sc-bad-sp.output
perl -I../.. ../../tests/userprog/sc-bad-sp.ck tests/userprog/sc-bad-sp tests/userprog/sc-bad-sp.result
FAIL tests/userprog/sc-bad-sp
Kernel panic in run: PANIC at ../../threads/init.c:264 in parse_options(): unknown option `-f' (use -h for help)
Call stack: 0xc002871e
Translation of call stack:
0xc002871e: ustar_parse_header (...ild/../../lib/ustar.c:216)
pintos -v -k -T 60 --qemu  --filesys-size=2 -p tests/userprog/sc-bad-arg -a sc-bad-arg -- -q  -f run sc-bad-arg < /dev/null 2> tests/userprog/sc-bad-arg.errors > tests/userprog/sc-bad-arg.output
perl -I../.. ../../tests/userprog/sc-bad-arg.ck tests/userprog/sc-bad-arg tests/userprog/sc-bad-arg.result
FAIL tests/userprog/sc-bad-arg
Kernel panic in run: PANIC at ../../threads/init.c:264 in parse_options(): unknown option `-f' (use -h for help)
Call stack: 0xc002871e
Translation of call stack:
0xc002871e: ustar_parse_header (...ild/../../lib/ustar.c:216)
pintos -v -k -T 60 --qemu  --filesys-size=2 -p tests/userprog/sc-boundary -a sc-boundary -- -q  -f run sc-boundary < /dev/null 2> tests/userprog/sc-boundary.errors > tests/userprog/sc-boundary.output
perl -I../.. ../../tests/userprog/sc-boundary.ck tests/userprog/sc-boundary tests/userprog/sc-boundary.result
FAIL tests/userprog/sc-boundary
Kernel panic in run: PANIC at ../../threads/init.c:264 in parse_options(): unknown option `-f' (use -h for help)
Call stack: 0xc002871e
Translation of call stack:
0xc002871e: ustar_parse_header (...ild/../../lib/ustar.c:216)
pintos -v -k -T 60 --qemu  --filesys-size=2 -p tests/userprog/sc-boundary-2 -a sc-boundary-2 -- -q  -f run sc-boundary-2 < /dev/null 2> tests/userprog/sc-boundary-2.errors > tests/userprog/sc-boundary-2.output
perl -I../.. ../../tests/userprog/sc-boundary-2.ck tests/userprog/sc-boundary-2 tests/userprog/sc-boundary-2.result
FAIL tests/userprog/sc-boundary-2
Kernel panic in run: PANIC at ../../threads/init.c:264 in parse_options(): unknown option `-f' (use -h for help)
Call stack: 0xc002871e
Translation of call stack:
0xc002871e: ustar_parse_header (...ild/../../lib/ustar.c:216)
pintos -v -k -T 60 --qemu  --filesys-size=2 -p tests/userprog/halt -a halt -- -q  -f run halt < /dev/null 2> tests/userprog/halt.errors > tests/userprog/halt.output
perl -I../.. ../../tests/userprog/halt.ck tests/userprog/halt tests/userprog/halt.result
FAIL tests/userprog/halt
Kernel panic in run: PANIC at ../../threads/init.c:264 in parse_options(): unknown option `-f' (use -h for help)
Call stack: 0xc002871e
Translation of call stack:
0xc002871e: ustar_parse_header (...ild/../../lib/ustar.c:216)
pintos -v -k -T 60 --qemu  --filesys-size=2 -p tests/userprog/exit -a exit -- -q  -f run exit < /dev/null 2> tests/userprog/exit.errors > tests/userprog/exit.output
perl -I../.. ../../tests/userprog/exit.ck tests/userprog/exit tests/userprog/exit.result
FAIL tests/userprog/exit
Kernel panic in run: PANIC at ../../threads/init.c:264 in parse_options(): unknown option `-f' (use -h for help)
Call stack: 0xc002871e
Translation of call stack:
0xc002871e: ustar_parse_header (...ild/../../lib/ustar.c:216)
pintos -v -k -T 60 --qemu  --filesys-size=2 -p tests/userprog/create-normal -a create-normal -- -q  -f run create-normal < /dev/null 2> tests/userprog/create-normal.errors > tests/userprog/create-normal.output
perl -I../.. ../../tests/userprog/create-normal.ck tests/userprog/create-normal tests/userprog/create-normal.result
FAIL tests/userprog/create-normal
Kernel panic in run: PANIC at ../../threads/init.c:264 in parse_options(): unknown option `-f' (use -h for help)
Call stack: 0xc002871e
Translation of call stack:
0xc002871e: ustar_parse_header (...ild/../../lib/ustar.c:216)
pintos -v -k -T 60 --qemu  --filesys-size=2 -p tests/userprog/create-empty -a create-empty -- -q  -f run create-empty < /dev/null 2> tests/userprog/create-empty.errors > tests/userprog/create-empty.output
perl -I../.. ../../tests/userprog/create-empty.ck tests/userprog/create-empty tests/userprog/create-empty.result
FAIL tests/userprog/create-empty
Kernel panic in run: PANIC at ../../threads/init.c:264 in parse_options(): unknown option `-f' (use -h for help)
Call stack: 0xc002871e
Translation of call stack:
0xc002871e: ustar_parse_header (...ild/../../lib/ustar.c:216)
pintos -v -k -T 60 --qemu  --filesys-size=2 -p tests/userprog/create-null -a create-null -- -q  -f run create-null < /dev/null 2> tests/userprog/create-null.errors > tests/userprog/create-null.output
perl -I../.. ../../tests/userprog/create-null.ck tests/userprog/create-null tests/userprog/create-null.result
FAIL tests/userprog/create-null
Kernel panic in run: PANIC at ../../threads/init.c:264 in parse_options(): unknown option `-f' (use -h for help)
Call stack: 0xc002871e
Translation of call stack:
0xc002871e: ustar_parse_header (...ild/../../lib/ustar.c:216)
pintos -v -k -T 60 --qemu  --filesys-size=2 -p tests/userprog/create-bad-ptr -a create-bad-ptr -- -q  -f run create-bad-ptr < /dev/null 2> tests/userprog/create-bad-ptr.errors > tests/userprog/create-bad-ptr.output
perl -I../.. ../../tests/userprog/create-bad-ptr.ck tests/userprog/create-bad-ptr tests/userprog/create-bad-ptr.result
FAIL tests/userprog/create-bad-ptr
Kernel panic in run: PANIC at ../../threads/init.c:264 in parse_options(): unknown option `-f' (use -h for help)
Call stack: 0xc002871e
Translation of call stack:
0xc002871e: ustar_parse_header (...ild/../../lib/ustar.c:216)
pintos -v -k -T 60 --qemu  --filesys-size=2 -p tests/userprog/create-long -a create-long -- -q  -f run create-long < /dev/null 2> tests/userprog/create-long.errors > tests/userprog/create-long.output
